  Camisa.cpp
C:\Users\User\Desktop\Dev-MarketC\Tienda\Tienda\Prenda.h(25,13): error C2535: 'Calidad Prenda::getCalidad(void)': member function already defined or declared
C:\Users\User\Desktop\Dev-MarketC\Tienda\Tienda\Prenda.h(15,13): message : see declaration of 'Prenda::getCalidad'
C:\Users\User\Desktop\Dev-MarketC\Tienda\Tienda\Prenda.h(26,10): error C2535: 'void Prenda::setCalidad(Calidad)': member function already defined or declared
C:\Users\User\Desktop\Dev-MarketC\Tienda\Tienda\Prenda.h(23,10): message : see declaration of 'Prenda::setCalidad'
C:\Users\User\Desktop\Dev-MarketC\Tienda\Tienda\Camisa.h(19,12): error C3646: 'getTipo': unknown override specifier
C:\Users\User\Desktop\Dev-MarketC\Tienda\Tienda\Camisa.h(19,19): error C2059: syntax error: '('
C:\Users\User\Desktop\Dev-MarketC\Tienda\Tienda\Camisa.h(19,28): error C2334: unexpected token(s) preceding '{'; skipping apparent function body
C:\Users\User\Desktop\Dev-MarketC\Tienda\Tienda\Camisa.cpp(5,17): warning C4244: 'initializing': conversion from 'double' to 'long', possible loss of data
C:\Users\User\Desktop\Dev-MarketC\Tienda\Tienda\Camisa.cpp(8,26): warning C4244: '-=': conversion from 'double' to 'long', possible loss of data
C:\Users\User\Desktop\Dev-MarketC\Tienda\Tienda\Camisa.cpp(12,26): warning C4244: '+=': conversion from 'double' to 'long', possible loss of data
C:\Users\User\Desktop\Dev-MarketC\Tienda\Tienda\Camisa.cpp(16,26): warning C4244: '+=': conversion from 'double' to 'long', possible loss of data
  Cotizacion.cpp
C:\Users\User\Desktop\Dev-MarketC\Tienda\Tienda\Prenda.h(25,13): error C2535: 'Calidad Prenda::getCalidad(void)': member function already defined or declared
C:\Users\User\Desktop\Dev-MarketC\Tienda\Tienda\Prenda.h(15,13): message : see declaration of 'Prenda::getCalidad'
C:\Users\User\Desktop\Dev-MarketC\Tienda\Tienda\Prenda.h(26,10): error C2535: 'void Prenda::setCalidad(Calidad)': member function already defined or declared
C:\Users\User\Desktop\Dev-MarketC\Tienda\Tienda\Prenda.h(23,10): message : see declaration of 'Prenda::setCalidad'
C:\Users\User\Desktop\Dev-MarketC\Tienda\Tienda\Cotizacion.cpp(12,42): error C2039: 'getTipo': is not a member of 'Prenda'
C:\Users\User\Desktop\Dev-MarketC\Tienda\Tienda\Prenda.h(6,7): message : see declaration of 'Prenda'
C:\Users\User\Desktop\Dev-MarketC\Tienda\Tienda\Cotizacion.cpp(13,57): error C2039: 'getCantidad': is not a member of 'Prenda'
C:\Users\User\Desktop\Dev-MarketC\Tienda\Tienda\Prenda.h(6,7): message : see declaration of 'Prenda'
C:\Users\User\Desktop\Dev-MarketC\Tienda\Tienda\Cotizacion.cpp(14,53): error C2039: 'precioFinal': is not a member of 'Prenda'
C:\Users\User\Desktop\Dev-MarketC\Tienda\Tienda\Prenda.h(6,7): message : see declaration of 'Prenda'
C:\Users\User\Desktop\Dev-MarketC\Tienda\Tienda\Cotizacion.cpp(10,50): error C4996: 'localtime': This function or variable may be unsafe. Consider using localtime_s instead. To disable deprecation, use _CRT_SECURE_NO_WARNINGS. See online help for details.
  Pantalon.cpp
C:\Users\User\Desktop\Dev-MarketC\Tienda\Tienda\Prenda.h(25,13): error C2535: 'Calidad Prenda::getCalidad(void)': member function already defined or declared
C:\Users\User\Desktop\Dev-MarketC\Tienda\Tienda\Prenda.h(15,13): message : see declaration of 'Prenda::getCalidad'
C:\Users\User\Desktop\Dev-MarketC\Tienda\Tienda\Prenda.h(26,10): error C2535: 'void Prenda::setCalidad(Calidad)': member function already defined or declared
C:\Users\User\Desktop\Dev-MarketC\Tienda\Tienda\Prenda.h(23,10): message : see declaration of 'Prenda::setCalidad'
C:\Users\User\Desktop\Dev-MarketC\Tienda\Tienda\Prenda.h(4,14): error C2011: 'Calidad': 'enum' type redefinition
C:\Users\User\Desktop\Dev-MarketC\Tienda\Tienda\Prenda.h(4,6): message : see declaration of 'Calidad'
C:\Users\User\Desktop\Dev-MarketC\Tienda\Tienda\Prenda.h(6,14): error C2011: 'Prenda': 'class' type redefinition
C:\Users\User\Desktop\Dev-MarketC\Tienda\Tienda\Prenda.h(6,7): message : see declaration of 'Prenda'
C:\Users\User\Desktop\Dev-MarketC\Tienda\Tienda\Pantalon.cpp(4,29): error C2039: 'getPrecioUnitario': is not a member of 'Pantalon'
C:\Users\User\Desktop\Dev-MarketC\Tienda\Tienda\Pantalon.h(8,7): message : see declaration of 'Pantalon'
C:\Users\User\Desktop\Dev-MarketC\Tienda\Tienda\Pantalon.cpp(12,17): error C2039: 'getCalidad': is not a member of 'Pantalon'
C:\Users\User\Desktop\Dev-MarketC\Tienda\Tienda\Pantalon.h(8,7): message : see declaration of 'Pantalon'
C:\Users\User\Desktop\Dev-MarketC\Tienda\Tienda\Pantalon.cpp(12,42): error C2027: use of undefined type 'Calidad'
C:\Users\User\Desktop\Dev-MarketC\Tienda\Tienda\Prenda.h(4,6): message : see declaration of 'Calidad'
C:\Users\User\Desktop\Dev-MarketC\Tienda\Tienda\Pantalon.cpp(19,71): error C2027: use of undefined type 'Prenda'
C:\Users\User\Desktop\Dev-MarketC\Tienda\Tienda\Prenda.h(6,7): message : see declaration of 'Prenda'
  Prenda.cpp
C:\Users\User\Desktop\Dev-MarketC\Tienda\Tienda\Prenda.h(25,13): error C2535: 'Calidad Prenda::getCalidad(void)': member function already defined or declared
C:\Users\User\Desktop\Dev-MarketC\Tienda\Tienda\Prenda.h(15,13): message : see declaration of 'Prenda::getCalidad'
C:\Users\User\Desktop\Dev-MarketC\Tienda\Tienda\Prenda.h(26,10): error C2535: 'void Prenda::setCalidad(Calidad)': member function already defined or declared
C:\Users\User\Desktop\Dev-MarketC\Tienda\Tienda\Prenda.h(23,10): message : see declaration of 'Prenda::setCalidad'
  ImplFactory.cpp
C:\Users\User\Desktop\Dev-MarketC\Tienda\Tienda\Prenda.h(25,13): error C2535: 'Calidad Prenda::getCalidad(void)': member function already defined or declared
C:\Users\User\Desktop\Dev-MarketC\Tienda\Tienda\Prenda.h(15,13): message : see declaration of 'Prenda::getCalidad'
C:\Users\User\Desktop\Dev-MarketC\Tienda\Tienda\Prenda.h(26,10): error C2535: 'void Prenda::setCalidad(Calidad)': member function already defined or declared
C:\Users\User\Desktop\Dev-MarketC\Tienda\Tienda\Prenda.h(23,10): message : see declaration of 'Prenda::setCalidad'
C:\Users\User\Desktop\Dev-MarketC\Tienda\Tienda\PrendaFactory.h(5,14): error C2011: 'Calidad': 'enum' type redefinition
C:\Users\User\Desktop\Dev-MarketC\Tienda\Tienda\Prenda.h(4,6): message : see declaration of 'Calidad'
C:\Users\User\Desktop\Dev-MarketC\Tienda\Tienda\Prenda.h(6,14): error C2011: 'Prenda': 'class' type redefinition
C:\Users\User\Desktop\Dev-MarketC\Tienda\Tienda\Prenda.h(6,7): message : see declaration of 'Prenda'
C:\Users\User\Desktop\Dev-MarketC\Tienda\Tienda\Camisa.h(8,30): error C2504: 'Prenda': base class undefined
C:\Users\User\Desktop\Dev-MarketC\Tienda\Tienda\Camisa.h(19,12): error C3646: 'getTipo': unknown override specifier
C:\Users\User\Desktop\Dev-MarketC\Tienda\Tienda\Camisa.h(19,19): error C2059: syntax error: '('
C:\Users\User\Desktop\Dev-MarketC\Tienda\Tienda\Camisa.h(19,28): error C2334: unexpected token(s) preceding '{'; skipping apparent function body
C:\Users\User\Desktop\Dev-MarketC\Tienda\Tienda\Camisa.h(15,9): error C2614: 'Camisa': illegal member initialization: 'Prenda' is not a base or member
C:\Users\User\Desktop\Dev-MarketC\Tienda\Tienda\Pantalon.h(8,32): error C2504: 'Prenda': base class undefined
C:\Users\User\Desktop\Dev-MarketC\Tienda\Tienda\ImplFactory.cpp(9,26): error C2440: 'return': cannot convert from 'Camisa *' to 'Prenda *'
C:\Users\User\Desktop\Dev-MarketC\Tienda\Tienda\ImplFactory.cpp(9,26): message : Types pointed to are unrelated; conversion requires reinterpret_cast, C-style cast or parenthesized function-style cast
C:\Users\User\Desktop\Dev-MarketC\Tienda\Tienda\ImplFactory.cpp(16,28): error C2440: 'return': cannot convert from 'Pantalon *' to 'Prenda *'
C:\Users\User\Desktop\Dev-MarketC\Tienda\Tienda\ImplFactory.cpp(16,28): message : Types pointed to are unrelated; conversion requires reinterpret_cast, C-style cast or parenthesized function-style cast
  Presenter.cpp
C:\Users\User\Desktop\Dev-MarketC\Tienda\Tienda\Prenda.h(25,13): error C2535: 'Calidad Prenda::getCalidad(void)': member function already defined or declared
C:\Users\User\Desktop\Dev-MarketC\Tienda\Tienda\Prenda.h(15,13): message : see declaration of 'Prenda::getCalidad'
C:\Users\User\Desktop\Dev-MarketC\Tienda\Tienda\Prenda.h(26,10): error C2535: 'void Prenda::setCalidad(Calidad)': member function already defined or declared
C:\Users\User\Desktop\Dev-MarketC\Tienda\Tienda\Prenda.h(23,10): message : see declaration of 'Prenda::setCalidad'
C:\Users\User\Desktop\Dev-MarketC\Tienda\Tienda\Prenda.h(4,14): error C2011: 'Calidad': 'enum' type redefinition
C:\Users\User\Desktop\Dev-MarketC\Tienda\Tienda\Prenda.h(4,6): message : see declaration of 'Calidad'
C:\Users\User\Desktop\Dev-MarketC\Tienda\Tienda\Prenda.h(6,14): error C2011: 'Prenda': 'class' type redefinition
C:\Users\User\Desktop\Dev-MarketC\Tienda\Tienda\Prenda.h(6,7): message : see declaration of 'Prenda'
C:\Users\User\Desktop\Dev-MarketC\Tienda\Tienda\Cotizacion.h(7,18): error C2011: 'Cotizacion': 'class' type redefinition
C:\Users\User\Desktop\Dev-MarketC\Tienda\Tienda\Cotizacion.h(7,7): message : see declaration of 'Cotizacion'
C:\Users\User\Desktop\Dev-MarketC\Tienda\Tienda\Tienda.h(25,10): error C2027: use of undefined type 'Vendedor'
C:\Users\User\Desktop\Dev-MarketC\Tienda\Tienda\Presenter.h(5,7): message : see declaration of 'Vendedor'
C:\Users\User\Desktop\Dev-MarketC\Tienda\Tienda\Tienda.h(28,10): error C2027: use of undefined type 'Prenda'
C:\Users\User\Desktop\Dev-MarketC\Tienda\Tienda\Prenda.h(6,7): message : see declaration of 'Prenda'
C:\Users\User\Desktop\Dev-MarketC\Tienda\Tienda\Tienda.h(31,10): error C2027: use of undefined type 'Cotizacion'
C:\Users\User\Desktop\Dev-MarketC\Tienda\Tienda\Cotizacion.h(7,7): message : see declaration of 'Cotizacion'
  Tienda.cpp
C:\Users\User\Desktop\Dev-MarketC\Tienda\Tienda\Prenda.h(25,13): error C2535: 'Calidad Prenda::getCalidad(void)': member function already defined or declared
C:\Users\User\Desktop\Dev-MarketC\Tienda\Tienda\Prenda.h(15,13): message : see declaration of 'Prenda::getCalidad'
C:\Users\User\Desktop\Dev-MarketC\Tienda\Tienda\Prenda.h(26,10): error C2535: 'void Prenda::setCalidad(Calidad)': member function already defined or declared
C:\Users\User\Desktop\Dev-MarketC\Tienda\Tienda\Prenda.h(23,10): message : see declaration of 'Prenda::setCalidad'
C:\Users\User\Desktop\Dev-MarketC\Tienda\Tienda\Prenda.h(4,14): error C2011: 'Calidad': 'enum' type redefinition
C:\Users\User\Desktop\Dev-MarketC\Tienda\Tienda\Prenda.h(4,6): message : see declaration of 'Calidad'
C:\Users\User\Desktop\Dev-MarketC\Tienda\Tienda\Prenda.h(6,14): error C2011: 'Prenda': 'class' type redefinition
C:\Users\User\Desktop\Dev-MarketC\Tienda\Tienda\Prenda.h(6,7): message : see declaration of 'Prenda'
C:\Users\User\Desktop\Dev-MarketC\Tienda\Tienda\Cotizacion.h(7,18): error C2011: 'Cotizacion': 'class' type redefinition
C:\Users\User\Desktop\Dev-MarketC\Tienda\Tienda\Cotizacion.h(7,7): message : see declaration of 'Cotizacion'
C:\Users\User\Desktop\Dev-MarketC\Tienda\Tienda\Tienda.h(9,12): error C2065: 'Vendedor': undeclared identifier
C:\Users\User\Desktop\Dev-MarketC\Tienda\Tienda\Tienda.h(9,5): error C2923: 'std::vector': 'Vendedor' is not a valid template type argument for parameter '_Ty'
C:\Users\User\Desktop\Dev-MarketC\Tienda\Tienda\Tienda.h(9,12): message : see declaration of 'Vendedor'
C:\Users\User\Desktop\Dev-MarketC\Tienda\Tienda\Tienda.h(9,5): error C2976: 'std::vector': too few template arguments
C:\Program Files\Microsoft Visual Studio\2022\Community\VC\Tools\MSVC\14.34.31933\include\vector(494,1): message : see declaration of 'std::vector'
C:\Users\User\Desktop\Dev-MarketC\Tienda\Tienda\Tienda.h(20,14): error C3646: 'getVendedorPorId': unknown override specifier
C:\Users\User\Desktop\Dev-MarketC\Tienda\Tienda\Tienda.h(20,30): error C2059: syntax error: '('
C:\Users\User\Desktop\Dev-MarketC\Tienda\Tienda\Tienda.h(20,38): error C2238: unexpected token(s) preceding ';'
C:\Users\User\Desktop\Dev-MarketC\Tienda\Tienda\Tienda.h(25,26): error C2061: syntax error: identifier 'Vendedor'
C:\Users\User\Desktop\Dev-MarketC\Tienda\Tienda\Tienda.h(26,12): error C2065: 'Vendedor': undeclared identifier
C:\Users\User\Desktop\Dev-MarketC\Tienda\Tienda\Tienda.h(26,5): error C2923: 'std::vector': 'Vendedor' is not a valid template type argument for parameter '_Ty'
C:\Users\User\Desktop\Dev-MarketC\Tienda\Tienda\Tienda.h(26,12): message : see declaration of 'Vendedor'
C:\Users\User\Desktop\Dev-MarketC\Tienda\Tienda\Tienda.h(26,5): error C2976: 'std::vector': too few template arguments
C:\Program Files\Microsoft Visual Studio\2022\Community\VC\Tools\MSVC\14.34.31933\include\vector(494,1): message : see declaration of 'std::vector'
C:\Users\User\Desktop\Dev-MarketC\Tienda\Tienda\Tienda.h(14,48): error C2512: 'std::vector': no appropriate default constructor available
C:\Program Files\Microsoft Visual Studio\2022\Community\VC\Tools\MSVC\14.34.31933\include\vector(494,1): message : see declaration of 'std::vector'
C:\Users\User\Desktop\Dev-MarketC\Tienda\Tienda\Tienda.h(25,68): error C2065: 'vendedor': undeclared identifier
C:\Users\User\Desktop\Dev-MarketC\Tienda\Tienda\Tienda.h(26,40): error C2440: 'return': cannot convert from 'std::vector' to 'std::vector'
C:\Users\User\Desktop\Dev-MarketC\Tienda\Tienda\Tienda.h(26,40): message : Cannot copy construct class 'std::vector' due to ambiguous copy constructors or no available copy constructor
C:\Users\User\Desktop\Dev-MarketC\Tienda\Tienda\Tienda.h(28,10): error C2027: use of undefined type 'Prenda'
C:\Users\User\Desktop\Dev-MarketC\Tienda\Tienda\Prenda.h(6,7): message : see declaration of 'Prenda'
C:\Users\User\Desktop\Dev-MarketC\Tienda\Tienda\Tienda.h(31,10): error C2027: use of undefined type 'Cotizacion'
C:\Users\User\Desktop\Dev-MarketC\Tienda\Tienda\Cotizacion.h(7,7): message : see declaration of 'Cotizacion'
C:\Users\User\Desktop\Dev-MarketC\Tienda\Tienda\Tienda.h(5,14): error C2011: 'Tienda': 'class' type redefinition
C:\Users\User\Desktop\Dev-MarketC\Tienda\Tienda\Tienda.h(5,7): message : see declaration of 'Tienda'
C:\Users\User\Desktop\Dev-MarketC\Tienda\Tienda\Tienda.h(36,37): error C2011: 'VendedorNoEncontradoException': 'class' type redefinition
C:\Users\User\Desktop\Dev-MarketC\Tienda\Tienda\Tienda.h(36,7): message : see declaration of 'VendedorNoEncontradoException'
C:\Users\User\Desktop\Dev-MarketC\Tienda\Tienda\Tienda.cpp(12,18): error C2027: use of undefined type 'Tienda'
C:\Users\User\Desktop\Dev-MarketC\Tienda\Tienda\Tienda.h(5,7): message : see declaration of 'Tienda'
C:\Users\User\Desktop\Dev-MarketC\Tienda\Tienda\Tienda.cpp(13,30): error C2065: 'vendedores': undeclared identifier
C:\Users\User\Desktop\Dev-MarketC\Tienda\Tienda\Tienda.cpp(13,19): error C2512: 'Vendedor': no appropriate default constructor available
C:\Users\User\Desktop\Dev-MarketC\Tienda\Tienda\Vendedor.h(8,7): message : see declaration of 'Vendedor'
C:\Users\User\Desktop\Dev-MarketC\Tienda\Tienda\Tienda.cpp(13,28): error C2143: syntax error: missing ';' before ':'
C:\Users\User\Desktop\Dev-MarketC\Tienda\Tienda\Tienda.cpp(13,40): error C2143: syntax error: missing ';' before ')'
C:\Users\User\Desktop\Dev-MarketC\Tienda\Tienda\Tienda.cpp(18,40): error C2027: use of undefined type 'VendedorNoEncontradoException'
C:\Users\User\Desktop\Dev-MarketC\Tienda\Tienda\Tienda.h(36,7): message : see declaration of 'VendedorNoEncontradoException'
  Vendedor.cpp
C:\Users\User\Desktop\Dev-MarketC\Tienda\Tienda\Prenda.h(25,13): error C2535: 'Calidad Prenda::getCalidad(void)': member function already defined or declared
C:\Users\User\Desktop\Dev-MarketC\Tienda\Tienda\Prenda.h(15,13): message : see declaration of 'Prenda::getCalidad'
C:\Users\User\Desktop\Dev-MarketC\Tienda\Tienda\Prenda.h(26,10): error C2535: 'void Prenda::setCalidad(Calidad)': member function already defined or declared
C:\Users\User\Desktop\Dev-MarketC\Tienda\Tienda\Prenda.h(23,10): message : see declaration of 'Prenda::setCalidad'
C:\Users\User\Desktop\Dev-MarketC\Tienda\Tienda\Prenda.h(4,14): error C2011: 'Calidad': 'enum' type redefinition
C:\Users\User\Desktop\Dev-MarketC\Tienda\Tienda\Prenda.h(4,6): message : see declaration of 'Calidad'
C:\Users\User\Desktop\Dev-MarketC\Tienda\Tienda\Prenda.h(6,14): error C2011: 'Prenda': 'class' type redefinition
C:\Users\User\Desktop\Dev-MarketC\Tienda\Tienda\Prenda.h(6,7): message : see declaration of 'Prenda'
C:\Users\User\Desktop\Dev-MarketC\Tienda\Tienda\Cotizacion.h(7,18): error C2011: 'Cotizacion': 'class' type redefinition
C:\Users\User\Desktop\Dev-MarketC\Tienda\Tienda\Cotizacion.h(7,7): message : see declaration of 'Cotizacion'
C:\Users\User\Desktop\Dev-MarketC\Tienda\Tienda\Tienda.h(9,12): error C2065: 'Vendedor': undeclared identifier
C:\Users\User\Desktop\Dev-MarketC\Tienda\Tienda\Tienda.h(9,5): error C2923: 'std::vector': 'Vendedor' is not a valid template type argument for parameter '_Ty'
C:\Users\User\Desktop\Dev-MarketC\Tienda\Tienda\Tienda.h(9,12): message : see declaration of 'Vendedor'
C:\Users\User\Desktop\Dev-MarketC\Tienda\Tienda\Tienda.h(9,5): error C2976: 'std::vector': too few template arguments
C:\Program Files\Microsoft Visual Studio\2022\Community\VC\Tools\MSVC\14.34.31933\include\vector(494,1): message : see declaration of 'std::vector'
C:\Users\User\Desktop\Dev-MarketC\Tienda\Tienda\Tienda.h(20,14): error C3646: 'getVendedorPorId': unknown override specifier
C:\Users\User\Desktop\Dev-MarketC\Tienda\Tienda\Tienda.h(20,30): error C2059: syntax error: '('
C:\Users\User\Desktop\Dev-MarketC\Tienda\Tienda\Tienda.h(20,38): error C2238: unexpected token(s) preceding ';'
C:\Users\User\Desktop\Dev-MarketC\Tienda\Tienda\Tienda.h(25,26): error C2061: syntax error: identifier 'Vendedor'
C:\Users\User\Desktop\Dev-MarketC\Tienda\Tienda\Tienda.h(26,12): error C2065: 'Vendedor': undeclared identifier
C:\Users\User\Desktop\Dev-MarketC\Tienda\Tienda\Tienda.h(26,5): error C2923: 'std::vector': 'Vendedor' is not a valid template type argument for parameter '_Ty'
C:\Users\User\Desktop\Dev-MarketC\Tienda\Tienda\Tienda.h(26,12): message : see declaration of 'Vendedor'
C:\Users\User\Desktop\Dev-MarketC\Tienda\Tienda\Tienda.h(26,5): error C2976: 'std::vector': too few template arguments
C:\Program Files\Microsoft Visual Studio\2022\Community\VC\Tools\MSVC\14.34.31933\include\vector(494,1): message : see declaration of 'std::vector'
C:\Users\User\Desktop\Dev-MarketC\Tienda\Tienda\Tienda.h(14,48): error C2512: 'std::vector': no appropriate default constructor available
C:\Program Files\Microsoft Visual Studio\2022\Community\VC\Tools\MSVC\14.34.31933\include\vector(494,1): message : see declaration of 'std::vector'
C:\Users\User\Desktop\Dev-MarketC\Tienda\Tienda\Tienda.h(25,68): error C2065: 'vendedor': undeclared identifier
C:\Users\User\Desktop\Dev-MarketC\Tienda\Tienda\Tienda.h(26,40): error C2440: 'return': cannot convert from 'std::vector' to 'std::vector'
C:\Users\User\Desktop\Dev-MarketC\Tienda\Tienda\Tienda.h(26,40): message : Cannot copy construct class 'std::vector' due to ambiguous copy constructors or no available copy constructor
C:\Users\User\Desktop\Dev-MarketC\Tienda\Tienda\Tienda.h(28,10): error C2027: use of undefined type 'Prenda'
C:\Users\User\Desktop\Dev-MarketC\Tienda\Tienda\Prenda.h(6,7): message : see declaration of 'Prenda'
C:\Users\User\Desktop\Dev-MarketC\Tienda\Tienda\Tienda.h(31,10): error C2027: use of undefined type 'Cotizacion'
C:\Users\User\Desktop\Dev-MarketC\Tienda\Tienda\Cotizacion.h(7,7): message : see declaration of 'Cotizacion'
C:\Users\User\Desktop\Dev-MarketC\Tienda\Tienda\Camisa.h(8,30): error C2504: 'Prenda': base class undefined
C:\Users\User\Desktop\Dev-MarketC\Tienda\Tienda\Camisa.h(15,9): error C2614: 'Camisa': illegal member initialization: 'Prenda' is not a base or member
C:\Users\User\Desktop\Dev-MarketC\Tienda\Tienda\Pantalon.h(8,32): error C2504: 'Prenda': base class undefined
C:\Users\User\Desktop\Dev-MarketC\Tienda\Tienda\Vendedor.cpp(6,23): error C2011: 'TipoCuello': 'enum' type redefinition
C:\Users\User\Desktop\Dev-MarketC\Tienda\Tienda\Camisa.h(5,12): message : see declaration of 'TipoCuello'
C:\Users\User\Desktop\Dev-MarketC\Tienda\Tienda\Vendedor.cpp(7,22): error C2011: 'TipoManga': 'enum' type redefinition
C:\Users\User\Desktop\Dev-MarketC\Tienda\Tienda\Camisa.h(6,12): message : see declaration of 'TipoManga'
C:\Users\User\Desktop\Dev-MarketC\Tienda\Tienda\Vendedor.cpp(9,19): error C2011: 'TipoPantalon': 'enum' type redefinition
C:\Users\User\Desktop\Dev-MarketC\Tienda\Tienda\Pantalon.h(3,6): message : see declaration of 'TipoPantalon'
C:\Users\User\Desktop\Dev-MarketC\Tienda\Tienda\Vendedor.cpp(12,8): error C2027: use of undefined type 'Prenda'
C:\Users\User\Desktop\Dev-MarketC\Tienda\Tienda\Prenda.h(6,7): message : see declaration of 'Prenda'
C:\Users\User\Desktop\Dev-MarketC\Tienda\Tienda\Vendedor.cpp(12,47): error C3861: 'PrendaNoStock': identifier not found
C:\Users\User\Desktop\Dev-MarketC\Tienda\Tienda\Vendedor.cpp(14,31): error C2027: use of undefined type 'Prenda'
C:\Users\User\Desktop\Dev-MarketC\Tienda\Tienda\Prenda.h(6,7): message : see declaration of 'Prenda'
C:\Users\User\Desktop\Dev-MarketC\Tienda\Tienda\Vendedor.cpp(17,47): error C2027: use of undefined type 'Cotizacion'
C:\Users\User\Desktop\Dev-MarketC\Tienda\Tienda\Cotizacion.h(7,7): message : see declaration of 'Cotizacion'
C:\Users\User\Desktop\Dev-MarketC\Tienda\Tienda\Vendedor.cpp(23,16): error C2027: use of undefined type 'Cotizacion'
C:\Users\User\Desktop\Dev-MarketC\Tienda\Tienda\Cotizacion.h(7,7): message : see declaration of 'Cotizacion'
C:\Users\User\Desktop\Dev-MarketC\Tienda\Tienda\Vendedor.cpp(24,16): error C2664: 'void Tienda::agregarCotizacion(Cotizacion)': cannot convert argument 1 from 'Cotizacion' to 'Cotizacion'
C:\Users\User\Desktop\Dev-MarketC\Tienda\Tienda\Vendedor.cpp(24,35): message : use of undefined type 'Cotizacion'
C:\Users\User\Desktop\Dev-MarketC\Tienda\Tienda\Cotizacion.h(7,7): message : see declaration of 'Cotizacion'
C:\Users\User\Desktop\Dev-MarketC\Tienda\Tienda\Tienda.h(31,10): message : see declaration of 'Tienda::agregarCotizacion'
C:\Users\User\Desktop\Dev-MarketC\Tienda\Tienda\Vendedor.cpp(24,16): message : while trying to match the argument list '(Cotizacion)'
  View.cpp
  Generating Code...
