c:\users\user\desktop\tienda\tienda\x64\debug\vc143.pdb
c:\users\user\desktop\tienda\tienda\x64\debug\vc143.idb
c:\users\user\desktop\tienda\tienda\x64\debug\tienda.obj
c:\users\user\desktop\tienda\tienda\x64\debug\cotizacion.obj
c:\users\user\desktop\tienda\tienda\x64\debug\vendedor.obj
c:\users\user\desktop\dev-marketc\tienda\tienda\x64\debug\vc143.pdb
c:\users\user\desktop\dev-marketc\tienda\tienda\x64\debug\vc143.idb
c:\users\user\desktop\dev-marketc\tienda\tienda\x64\debug\prenda.obj
c:\users\user\desktop\dev-marketc\tienda\tienda\x64\debug\pantalon.obj
c:\users\user\desktop\dev-marketc\tienda\tienda\x64\debug\main.obj
c:\users\user\desktop\dev-marketc\tienda\tienda\x64\debug\camisa.obj
c:\users\user\desktop\dev-marketc\tienda\tienda\x64\debug\view.obj
c:\users\user\desktop\dev-marketc\tienda\tienda\x64\debug\cotizacion.obj
c:\users\user\desktop\dev-marketc\tienda\tienda\x64\debug\vendedor.obj
c:\users\user\desktop\dev-marketc\tienda\tienda\x64\debug\tienda.obj
c:\users\user\desktop\dev-marketc\tienda\tienda\x64\debug\presenter.obj
c:\users\user\desktop\tienda\x64\debug\tienda.exe
c:\users\user\desktop\tienda\tienda\x64\debug\tienda.ilk
c:\users\user\desktop\tienda\x64\debug\tienda.pdb
c:\users\user\desktop\tienda\tienda\x64\debug\tienda.res
c:\users\user\desktop\dev-marketc\tienda\tienda\x64\debug\tienda.ilk
c:\users\user\desktop\dev-marketc\tienda\tienda\x64\debug\nativecodeanalysis.read.1.tlog
c:\users\user\desktop\dev-marketc\tienda\tienda\x64\debug\camisa.nativecodeanalysis.xml
c:\users\user\desktop\dev-marketc\tienda\tienda\x64\debug\cotizacion.nativecodeanalysis.xml
c:\users\user\desktop\dev-marketc\tienda\tienda\x64\debug\pantalon.nativecodeanalysis.xml
c:\users\user\desktop\dev-marketc\tienda\tienda\x64\debug\prenda.nativecodeanalysis.xml
c:\users\user\desktop\dev-marketc\tienda\tienda\x64\debug\presenter.nativecodeanalysis.xml
c:\users\user\desktop\dev-marketc\tienda\tienda\x64\debug\tienda.nativecodeanalysis.xml
c:\users\user\desktop\dev-marketc\tienda\tienda\x64\debug\vc.nativecodeanalysis.all.xml
c:\users\user\desktop\dev-marketc\tienda\tienda\x64\debug\vendedor.nativecodeanalysis.xml
c:\users\user\desktop\dev-marketc\tienda\tienda\x64\debug\view.nativecodeanalysis.xml
c:\users\user\desktop\dev-marketc\tienda\x64\debug\tienda.pdb
c:\users\user\desktop\dev-marketc\tienda\x64\debug\tienda.exe
c:\users\user\desktop\dev-marketc\tienda\tienda\x64\debug\tienda.tlog\cl.command.1.tlog
c:\users\user\desktop\dev-marketc\tienda\tienda\x64\debug\tienda.tlog\cl.read.1.tlog
c:\users\user\desktop\dev-marketc\tienda\tienda\x64\debug\tienda.tlog\cl.write.1.tlog
c:\users\user\desktop\dev-marketc\tienda\tienda\x64\debug\tienda.tlog\link.command.1.tlog
c:\users\user\desktop\dev-marketc\tienda\tienda\x64\debug\tienda.tlog\link.read.1.tlog
c:\users\user\desktop\dev-marketc\tienda\tienda\x64\debug\tienda.tlog\link.write.1.tlog
c:\users\user\desktop\dev-marketc\tienda\tienda\x64\debug\tienda.tlog\rc.command.1.tlog
c:\users\user\desktop\dev-marketc\tienda\tienda\x64\debug\tienda.tlog\rc.read.1.tlog
c:\users\user\desktop\dev-marketc\tienda\tienda\x64\debug\tienda.tlog\rc.write.1.tlog
